<?xml version="1.0" encoding="utf-8"?><testsuites name="pytest tests"><testsuite name="pytest" errors="0" failures="0" skipped="0" tests="10" time="3.922" timestamp="2026-04-22T09:02:34.958570+00:00" hostname="agent-env-68731d6a-87df-4dbc-a142-c9f959ad8388"><testcase classname="backend.tests.test_rag_api.TestHealth" name="test_health" time="0.212" /><testcase classname="backend.tests.test_rag_api.TestDocumentUpload" name="test_upload_txt_file" time="0.268" /><testcase classname="backend.tests.test_rag_api.TestDocumentUpload" name="test_list_documents" time="0.195" /><testcase classname="backend.tests.test_rag_api.TestChat" name="test_chat_no_docs" time="0.120" /><testcase classname="backend.tests.test_rag_api.TestChat" name="test_chat_with_uploaded_doc" time="0.858" /><testcase classname="backend.tests.test_rag_api.TestCompare" name="test_compare_missing_docs" time="0.119" /><testcase classname="backend.tests.test_rag_api.TestCompare" name="test_compare_with_doc" time="0.422" /><testcase classname="backend.tests.test_rag_api.TestVisualize" name="test_visualize_returns_data" time="0.182" /><testcase classname="backend.tests.test_rag_api.TestExportPDF" name="test_export_pdf_no_session" time="0.118" /><testcase classname="backend.tests.test_rag_api.TestExportPDF" name="test_export_pdf_with_session" time="1.270" /></testsuite></testsuites>