<?xml version="1.0" encoding="utf-8"?><testsuites name="pytest tests"><testsuite name="pytest" errors="0" failures="0" skipped="0" tests="20" time="26.165" timestamp="2026-04-22T11:26:18.360193+00:00" hostname="agent-env-68731d6a-87df-4dbc-a142-c9f959ad8388"><testcase classname="backend.tests.test_rag_api.TestHealth" name="test_health" time="0.180" /><testcase classname="backend.tests.test_rag_api.TestDocumentUpload" name="test_upload_txt_file" time="3.977" /><testcase classname="backend.tests.test_rag_api.TestDocumentUpload" name="test_list_documents" time="0.149" /><testcase classname="backend.tests.test_rag_api.TestChat" name="test_chat_no_docs" time="0.108" /><testcase classname="backend.tests.test_rag_api.TestChat" name="test_chat_with_uploaded_doc" time="2.189" /><testcase classname="backend.tests.test_rag_api.TestCompare" name="test_compare_missing_docs" time="0.129" /><testcase classname="backend.tests.test_rag_api.TestCompare" name="test_compare_with_doc" time="0.302" /><testcase classname="backend.tests.test_rag_api.TestCompare" name="test_compare_url_only" time="2.715" /><testcase classname="backend.tests.test_rag_api.TestCompare" name="test_compare_url_plus_docs" time="2.367" /><testcase classname="backend.tests.test_rag_api.TestCompare" name="test_compare_invalid_url" time="0.199" /><testcase classname="backend.tests.test_rag_api.TestCompare" name="test_compare_no_docs_no_url" time="0.108" /><testcase classname="backend.tests.test_rag_api.TestSearch" name="test_search_empty_query" time="0.150" /><testcase classname="backend.tests.test_rag_api.TestSearch" name="test_search_too_short" time="0.142" /><testcase classname="backend.tests.test_rag_api.TestSearch" name="test_search_valid_query" time="0.104" /><testcase classname="backend.tests.test_rag_api.TestSearch" name="test_search_case_insensitive" time="0.112" /><testcase classname="backend.tests.test_rag_api.TestSearch" name="test_search_filter_by_doc_ids" time="0.112" /><testcase classname="backend.tests.test_rag_api.TestSearch" name="test_search_no_matches" time="0.110" /><testcase classname="backend.tests.test_rag_api.TestVisualize" name="test_visualize_returns_data" time="11.787" /><testcase classname="backend.tests.test_rag_api.TestExportPDF" name="test_export_pdf_no_session" time="0.124" /><testcase classname="backend.tests.test_rag_api.TestExportPDF" name="test_export_pdf_with_session" time="1.034" /></testsuite></testsuites>